<?xml version="1.0" encoding="UTF-8"?>
<Site BuildName="Linux-g++"
	BuildStamp="20230904-2123-Experimental"
	Name="yiannis-GL62-6QD"
	Generator="ctest-3.22.1"
	CompilerName="/usr/bin/g++"
	CompilerVersion="11.3.0"
	OSName="Linux"
	Hostname="yiannis-GL62-6QD"
	OSRelease="6.2.0-31-generic"
	OSVersion="#31~22.04.1-Ubuntu SMP PREEMPT_DYNAMIC Wed Aug 16 13:45:26 UTC 2"
	OSPlatform="x86_64"
	Is64Bits="1"
	VendorString="GenuineIntel"
	VendorID="Intel Corporation"
	FamilyID="6"
	ModelID="94"
	ProcessorCacheSize="6144"
	NumberOfLogicalCPU="4"
	NumberOfPhysicalCPU="4"
	TotalVirtualMemory="2047"
	TotalPhysicalMemory="15893"
	LogicalProcessorsPerPhysical="1"
	ProcessorClockFrequency="2800"
	>
	<Testing>
		<StartDateTime>Sep 04 22:23 BST</StartDateTime>
		<StartTestTime>1693862610</StartTestTime>
		<TestList/>
		<EndDateTime>Sep 04 22:23 BST</EndDateTime>
		<EndTestTime>1693862610</EndTestTime>
		<ElapsedMinutes>0</ElapsedMinutes>
	</Testing>
</Site>
