<?xml version="1.0" encoding="UTF-8"?>
<Site BuildName="Linux-g++"
	BuildStamp="20230805-1912-Experimental"
	Name="yiannis-GL62-6QD"
	Generator="ctest-3.22.1"
	CompilerName="/usr/bin/g++"
	CompilerVersion="11.3.0"
	OSName="Linux"
	Hostname="yiannis-GL62-6QD"
	OSRelease="5.19.0-50-generic"
	OSVersion="#50-Ubuntu SMP PREEMPT_DYNAMIC Mon Jul 10 18:24:29 UTC 2023"
	OSPlatform="x86_64"
	Is64Bits="1"
	VendorString="GenuineIntel"
	VendorID="Intel Corporation"
	FamilyID="6"
	ModelID="94"
	ProcessorCacheSize="6144"
	NumberOfLogicalCPU="4"
	NumberOfPhysicalCPU="4"
	TotalVirtualMemory="2047"
	TotalPhysicalMemory="15897"
	LogicalProcessorsPerPhysical="1"
	ProcessorClockFrequency="1100"
	>
	<Testing>
		<StartDateTime>Aug 06 00:50 BST</StartDateTime>
		<StartTestTime>1691279431</StartTestTime>
		<TestList/>
		<EndDateTime>Aug 06 00:50 BST</EndDateTime>
		<EndTestTime>1691279431</EndTestTime>
		<ElapsedMinutes>0</ElapsedMinutes>
	</Testing>
</Site>
