<?xml version="1.0" encoding="UTF-8"?>
<Site BuildName="Linux-g++"
	BuildStamp="20230810-1806-Experimental"
	Name="yiannis-GL62-6QD"
	Generator="ctest-3.22.1"
	CompilerName="/usr/bin/g++"
	CompilerVersion="11.3.0"
	OSName="Linux"
	Hostname="yiannis-GL62-6QD"
	OSRelease="6.2.0-26-generic"
	OSVersion="#26~22.04.1-Ubuntu SMP PREEMPT_DYNAMIC Thu Jul 13 16:27:29 UTC 2"
	OSPlatform="x86_64"
	Is64Bits="1"
	VendorString="GenuineIntel"
	VendorID="Intel Corporation"
	FamilyID="6"
	ModelID="94"
	ProcessorCacheSize="6144"
	NumberOfLogicalCPU="4"
	NumberOfPhysicalCPU="4"
	TotalVirtualMemory="2047"
	TotalPhysicalMemory="15893"
	LogicalProcessorsPerPhysical="1"
	ProcessorClockFrequency="1200"
	>
	<Testing>
		<StartDateTime>Aug 10 19:06 BST</StartDateTime>
		<StartTestTime>1691690763</StartTestTime>
		<TestList/>
		<EndDateTime>Aug 10 19:06 BST</EndDateTime>
		<EndTestTime>1691690763</EndTestTime>
		<ElapsedMinutes>0</ElapsedMinutes>
	</Testing>
</Site>
